  Application.cpp
  BGM.cpp
  Bullet.cpp
  Camera.cpp
  Chara.cpp
  CollisionCheck.cpp
  CommandSelectScene.cpp
C:\Users\井上　恋\Documents\GitHub\Submit_ColorfulFighter\Projects\ColorfulFighter2\CommandSelectScene.cpp(765,4): warning C4244: '引数': 'const float' から 'int' への変換です。データが失われる可能性があります。
C:\Users\井上　恋\Documents\GitHub\Submit_ColorfulFighter\Projects\ColorfulFighter2\CommandSelectScene.cpp(764,50): warning C4244: '引数': 'float' から 'int' への変換です。データが失われる可能性があります。
C:\Users\井上　恋\Documents\GitHub\Submit_ColorfulFighter\Projects\ColorfulFighter2\CommandSelectScene.cpp(770,4): warning C4244: '引数': 'const float' から 'int' への変換です。データが失われる可能性があります。
C:\Users\井上　恋\Documents\GitHub\Submit_ColorfulFighter\Projects\ColorfulFighter2\CommandSelectScene.cpp(769,42): warning C4244: '引数': 'float' から 'int' への変換です。データが失われる可能性があります。
C:\Users\井上　恋\Documents\GitHub\Submit_ColorfulFighter\Projects\ColorfulFighter2\CommandSelectScene.cpp(785,34): warning C4244: '引数': 'const float' から 'int' への変換です。データが失われる可能性があります。
C:\Users\井上　恋\Documents\GitHub\Submit_ColorfulFighter\Projects\ColorfulFighter2\CommandSelectScene.cpp(785,20): warning C4244: '引数': 'const float' から 'int' への変換です。データが失われる可能性があります。
C:\Users\井上　恋\Documents\GitHub\Submit_ColorfulFighter\Projects\ColorfulFighter2\CommandSelectScene.cpp(794,34): warning C4244: '引数': 'const float' から 'int' への変換です。データが失われる可能性があります。
C:\Users\井上　恋\Documents\GitHub\Submit_ColorfulFighter\Projects\ColorfulFighter2\CommandSelectScene.cpp(794,20): warning C4244: '引数': 'const float' から 'int' への変換です。データが失われる可能性があります。
  FadeManager.cpp
  GameManager.cpp
  GameScene.cpp
C:\Users\井上　恋\Documents\GitHub\Submit_ColorfulFighter\Projects\ColorfulFighter2\GameScene.cpp(107,18): warning C4244: '引数': 'float' から 'int' への変換です。データが失われる可能性があります。
C:\Users\井上　恋\Documents\GitHub\Submit_ColorfulFighter\Projects\ColorfulFighter2\GameScene.cpp(106,34): warning C4244: '引数': 'float' から 'int' への変換です。データが失われる可能性があります。
C:\Users\井上　恋\Documents\GitHub\Submit_ColorfulFighter\Projects\ColorfulFighter2\GameScene.cpp(110,19): warning C4244: '引数': 'float' から 'int' への変換です。データが失われる可能性があります。
C:\Users\井上　恋\Documents\GitHub\Submit_ColorfulFighter\Projects\ColorfulFighter2\GameScene.cpp(109,35): warning C4244: '引数': 'float' から 'int' への変換です。データが失われる可能性があります。
C:\Users\井上　恋\Documents\GitHub\Submit_ColorfulFighter\Projects\ColorfulFighter2\GameScene.cpp(117,18): warning C4244: '引数': 'float' から 'int' への変換です。データが失われる可能性があります。
C:\Users\井上　恋\Documents\GitHub\Submit_ColorfulFighter\Projects\ColorfulFighter2\GameScene.cpp(116,34): warning C4244: '引数': 'float' から 'int' への変換です。データが失われる可能性があります。
C:\Users\井上　恋\Documents\GitHub\Submit_ColorfulFighter\Projects\ColorfulFighter2\GameScene.cpp(121,19): warning C4244: '引数': 'float' から 'int' への変換です。データが失われる可能性があります。
C:\Users\井上　恋\Documents\GitHub\Submit_ColorfulFighter\Projects\ColorfulFighter2\GameScene.cpp(120,35): warning C4244: '引数': 'float' から 'int' への変換です。データが失われる可能性があります。
C:\Users\井上　恋\Documents\GitHub\Submit_ColorfulFighter\Projects\ColorfulFighter2\GameScene.cpp(133,18): warning C4244: '引数': 'float' から 'int' への変換です。データが失われる可能性があります。
C:\Users\井上　恋\Documents\GitHub\Submit_ColorfulFighter\Projects\ColorfulFighter2\GameScene.cpp(132,34): warning C4244: '引数': 'float' から 'int' への変換です。データが失われる可能性があります。
C:\Users\井上　恋\Documents\GitHub\Submit_ColorfulFighter\Projects\ColorfulFighter2\GameScene.cpp(137,19): warning C4244: '引数': 'float' から 'int' への変換です。データが失われる可能性があります。
C:\Users\井上　恋\Documents\GitHub\Submit_ColorfulFighter\Projects\ColorfulFighter2\GameScene.cpp(136,35): warning C4244: '引数': 'float' から 'int' への変換です。データが失われる可能性があります。
  Input.cpp
C:\Users\井上　恋\Documents\GitHub\Submit_ColorfulFighter\Projects\ColorfulFighter2\Input.cpp(505,30): warning C4244: '引数': 'const float' から 'int' への変換です。データが失われる可能性があります。
  Loading.cpp
C:\Users\井上　恋\Documents\GitHub\Submit_ColorfulFighter\Projects\ColorfulFighter2\Loading.cpp(129,51): warning C4244: '引数': 'float' から 'int' への変換です。データが失われる可能性があります。
C:\Users\井上　恋\Documents\GitHub\Submit_ColorfulFighter\Projects\ColorfulFighter2\Loading.cpp(129,36): warning C4244: '引数': 'float' から 'int' への変換です。データが失われる可能性があります。
C:\Users\井上　恋\Documents\GitHub\Submit_ColorfulFighter\Projects\ColorfulFighter2\Loading.cpp(134,51): warning C4244: '引数': 'float' から 'int' への変換です。データが失われる可能性があります。
C:\Users\井上　恋\Documents\GitHub\Submit_ColorfulFighter\Projects\ColorfulFighter2\Loading.cpp(134,36): warning C4244: '引数': 'float' から 'int' への変換です。データが失われる可能性があります。
C:\Users\井上　恋\Documents\GitHub\Submit_ColorfulFighter\Projects\ColorfulFighter2\Loading.cpp(139,51): warning C4244: '引数': 'float' から 'int' への変換です。データが失われる可能性があります。
C:\Users\井上　恋\Documents\GitHub\Submit_ColorfulFighter\Projects\ColorfulFighter2\Loading.cpp(139,36): warning C4244: '引数': 'float' から 'int' への変換です。データが失われる可能性があります。
C:\Users\井上　恋\Documents\GitHub\Submit_ColorfulFighter\Projects\ColorfulFighter2\Loading.cpp(144,51): warning C4244: '引数': 'float' から 'int' への変換です。データが失われる可能性があります。
C:\Users\井上　恋\Documents\GitHub\Submit_ColorfulFighter\Projects\ColorfulFighter2\Loading.cpp(144,36): warning C4244: '引数': 'float' から 'int' への変換です。データが失われる可能性があります。
C:\Users\井上　恋\Documents\GitHub\Submit_ColorfulFighter\Projects\ColorfulFighter2\Loading.cpp(149,51): warning C4244: '引数': 'float' から 'int' への変換です。データが失われる可能性があります。
C:\Users\井上　恋\Documents\GitHub\Submit_ColorfulFighter\Projects\ColorfulFighter2\Loading.cpp(149,36): warning C4244: '引数': 'float' から 'int' への変換です。データが失われる可能性があります。
  Player.cpp
  ResultScene.cpp
C:\Users\井上　恋\Documents\GitHub\Submit_ColorfulFighter\Projects\ColorfulFighter2\ResultScene.cpp(522,52): warning C4244: '引数': 'float' から 'int' への変換です。データが失われる可能性があります。
C:\Users\井上　恋\Documents\GitHub\Submit_ColorfulFighter\Projects\ColorfulFighter2\ResultScene.cpp(522,36): warning C4244: '引数': 'float' から 'int' への変換です。データが失われる可能性があります。
C:\Users\井上　恋\Documents\GitHub\Submit_ColorfulFighter\Projects\ColorfulFighter2\ResultScene.cpp(525,52): warning C4244: '引数': 'float' から 'int' への変換です。データが失われる可能性があります。
C:\Users\井上　恋\Documents\GitHub\Submit_ColorfulFighter\Projects\ColorfulFighter2\ResultScene.cpp(525,36): warning C4244: '引数': 'float' から 'int' への変換です。データが失われる可能性があります。
C:\Users\井上　恋\Documents\GitHub\Submit_ColorfulFighter\Projects\ColorfulFighter2\ResultScene.cpp(531,52): warning C4244: '引数': 'float' から 'int' への変換です。データが失われる可能性があります。
C:\Users\井上　恋\Documents\GitHub\Submit_ColorfulFighter\Projects\ColorfulFighter2\ResultScene.cpp(531,36): warning C4244: '引数': 'float' から 'int' への変換です。データが失われる可能性があります。
C:\Users\井上　恋\Documents\GitHub\Submit_ColorfulFighter\Projects\ColorfulFighter2\ResultScene.cpp(534,52): warning C4244: '引数': 'float' から 'int' への変換です。データが失われる可能性があります。
C:\Users\井上　恋\Documents\GitHub\Submit_ColorfulFighter\Projects\ColorfulFighter2\ResultScene.cpp(534,36): warning C4244: '引数': 'float' から 'int' への変換です。データが失われる可能性があります。
  SE.cpp
  TitleScene.cpp
C:\Users\井上　恋\Documents\GitHub\Submit_ColorfulFighter\Projects\ColorfulFighter2\TitleScene.cpp(38,28): warning C4244: '初期化中': 'float' から 'const int' への変換です。データが失われる可能性があります。
C:\Users\井上　恋\Documents\GitHub\Submit_ColorfulFighter\Projects\ColorfulFighter2\TitleScene.cpp(40,28): warning C4244: '初期化中': 'float' から 'const int' への変換です。データが失われる可能性があります。
C:\Users\井上　恋\Documents\GitHub\Submit_ColorfulFighter\Projects\ColorfulFighter2\TitleScene.cpp(415,50): warning C4244: '引数': 'float' から 'int' への変換です。データが失われる可能性があります。
C:\Users\井上　恋\Documents\GitHub\Submit_ColorfulFighter\Projects\ColorfulFighter2\TitleScene.cpp(415,35): warning C4244: '引数': 'float' から 'int' への変換です。データが失われる可能性があります。
C:\Users\井上　恋\Documents\GitHub\Submit_ColorfulFighter\Projects\ColorfulFighter2\TitleScene.cpp(424,50): warning C4244: '引数': 'float' から 'int' への変換です。データが失われる可能性があります。
C:\Users\井上　恋\Documents\GitHub\Submit_ColorfulFighter\Projects\ColorfulFighter2\TitleScene.cpp(424,35): warning C4244: '引数': 'float' から 'int' への変換です。データが失われる可能性があります。
  UI.cpp
C:\Users\井上　恋\Documents\GitHub\Submit_ColorfulFighter\Projects\ColorfulFighter2\UI.cpp(45,33): warning C4244: '初期化中': 'float' から 'const int' への変換です。データが失われる可能性があります。
C:\Users\井上　恋\Documents\GitHub\Submit_ColorfulFighter\Projects\ColorfulFighter2\UI.cpp(46,33): warning C4244: '初期化中': 'float' から 'const int' への変換です。データが失われる可能性があります。
C:\Users\井上　恋\Documents\GitHub\Submit_ColorfulFighter\Projects\ColorfulFighter2\UI.cpp(213,25): warning C4244: '引数': 'const float' から 'int' への変換です。データが失われる可能性があります。
C:\Users\井上　恋\Documents\GitHub\Submit_ColorfulFighter\Projects\ColorfulFighter2\UI.cpp(213,12): warning C4244: '引数': 'const float' から 'int' への変換です。データが失われる可能性があります。
C:\Users\井上　恋\Documents\GitHub\Submit_ColorfulFighter\Projects\ColorfulFighter2\UI.cpp(214,25): warning C4244: '引数': 'const float' から 'int' への変換です。データが失われる可能性があります。
C:\Users\井上　恋\Documents\GitHub\Submit_ColorfulFighter\Projects\ColorfulFighter2\UI.cpp(214,12): warning C4244: '引数': 'const float' から 'int' への変換です。データが失われる可能性があります。
C:\Users\井上　恋\Documents\GitHub\Submit_ColorfulFighter\Projects\ColorfulFighter2\UI.cpp(290,12): warning C4244: '引数': 'const float' から 'int' への変換です。データが失われる可能性があります。
C:\Users\井上　恋\Documents\GitHub\Submit_ColorfulFighter\Projects\ColorfulFighter2\UI.cpp(291,12): warning C4244: '引数': 'const float' から 'int' への変換です。データが失われる可能性があります。
C:\Users\井上　恋\Documents\GitHub\Submit_ColorfulFighter\Projects\ColorfulFighter2\UI.cpp(293,12): warning C4244: '引数': 'const float' から 'int' への変換です。データが失われる可能性があります。
C:\Users\井上　恋\Documents\GitHub\Submit_ColorfulFighter\Projects\ColorfulFighter2\UI.cpp(294,12): warning C4244: '引数': 'const float' から 'int' への変換です。データが失われる可能性があります。
C:\Users\井上　恋\Documents\GitHub\Submit_ColorfulFighter\Projects\ColorfulFighter2\UI.cpp(304,25): warning C4244: '引数': 'float' から 'int' への変換です。データが失われる可能性があります。
C:\Users\井上　恋\Documents\GitHub\Submit_ColorfulFighter\Projects\ColorfulFighter2\UI.cpp(303,54): warning C4244: '引数': 'float' から 'int' への変換です。データが失われる可能性があります。
C:\Users\井上　恋\Documents\GitHub\Submit_ColorfulFighter\Projects\ColorfulFighter2\UI.cpp(309,25): warning C4244: '引数': 'float' から 'int' への変換です。データが失われる可能性があります。
C:\Users\井上　恋\Documents\GitHub\Submit_ColorfulFighter\Projects\ColorfulFighter2\UI.cpp(308,23): warning C4244: '引数': 'float' から 'int' への変換です。データが失われる可能性があります。
C:\Users\井上　恋\Documents\GitHub\Submit_ColorfulFighter\Projects\ColorfulFighter2\UI.cpp(371,59): warning C4244: '引数': 'float' から 'int' への変換です。データが失われる可能性があります。
C:\Users\井上　恋\Documents\GitHub\Submit_ColorfulFighter\Projects\ColorfulFighter2\UI.cpp(371,33): warning C4244: '引数': 'float' から 'int' への変換です。データが失われる可能性があります。
C:\Users\井上　恋\Documents\GitHub\Submit_ColorfulFighter\Projects\ColorfulFighter2\UI.cpp(373,48): warning C4244: '引数': 'float' から 'int' への変換です。データが失われる可能性があります。
C:\Users\井上　恋\Documents\GitHub\Submit_ColorfulFighter\Projects\ColorfulFighter2\UI.cpp(373,22): warning C4244: '引数': 'float' から 'int' への変換です。データが失われる可能性があります。
C:\Users\井上　恋\Documents\GitHub\Submit_ColorfulFighter\Projects\ColorfulFighter2\UI.cpp(388,17): warning C4244: '引数': 'const float' から 'int' への変換です。データが失われる可能性があります。
C:\Users\井上　恋\Documents\GitHub\Submit_ColorfulFighter\Projects\ColorfulFighter2\UI.cpp(388,4): warning C4244: '引数': 'const float' から 'int' への変換です。データが失われる可能性があります。
C:\Users\井上　恋\Documents\GitHub\Submit_ColorfulFighter\Projects\ColorfulFighter2\UI.cpp(402,23): warning C4244: '引数': 'const float' から 'int' への変換です。データが失われる可能性があります。
C:\Users\井上　恋\Documents\GitHub\Submit_ColorfulFighter\Projects\ColorfulFighter2\UI.cpp(402,16): warning C4244: '引数': 'float' から 'int' への変換です。データが失われる可能性があります。
C:\Users\井上　恋\Documents\GitHub\Submit_ColorfulFighter\Projects\ColorfulFighter2\UI.cpp(406,23): warning C4244: '引数': 'const float' から 'int' への変換です。データが失われる可能性があります。
C:\Users\井上　恋\Documents\GitHub\Submit_ColorfulFighter\Projects\ColorfulFighter2\UI.cpp(406,16): warning C4244: '引数': 'float' から 'int' への変換です。データが失われる可能性があります。
C:\Users\井上　恋\Documents\GitHub\Submit_ColorfulFighter\Projects\ColorfulFighter2\UI.cpp(411,17): warning C4244: '引数': 'const float' から 'int' への変換です。データが失われる可能性があります。
C:\Users\井上　恋\Documents\GitHub\Submit_ColorfulFighter\Projects\ColorfulFighter2\UI.cpp(411,4): warning C4244: '引数': 'const float' から 'int' への変換です。データが失われる可能性があります。
C:\Users\井上　恋\Documents\GitHub\Submit_ColorfulFighter\Projects\ColorfulFighter2\UI.cpp(421,24): warning C4244: '引数': 'const float' から 'int' への変換です。データが失われる可能性があります。
C:\Users\井上　恋\Documents\GitHub\Submit_ColorfulFighter\Projects\ColorfulFighter2\UI.cpp(421,17): warning C4244: '引数': 'float' から 'int' への変換です。データが失われる可能性があります。
C:\Users\井上　恋\Documents\GitHub\Submit_ColorfulFighter\Projects\ColorfulFighter2\UI.cpp(429,24): warning C4244: '引数': 'const float' から 'int' への変換です。データが失われる可能性があります。
C:\Users\井上　恋\Documents\GitHub\Submit_ColorfulFighter\Projects\ColorfulFighter2\UI.cpp(429,17): warning C4244: '引数': 'float' から 'int' への変換です。データが失われる可能性があります。
C:\Users\井上　恋\Documents\GitHub\Submit_ColorfulFighter\Projects\ColorfulFighter2\UI.cpp(435,32): warning C4244: '引数': 'float' から 'int' への変換です。データが失われる可能性があります。
C:\Users\井上　恋\Documents\GitHub\Submit_ColorfulFighter\Projects\ColorfulFighter2\UI.cpp(435,16): warning C4244: '引数': 'float' から 'int' への変換です。データが失われる可能性があります。
C:\Users\井上　恋\Documents\GitHub\Submit_ColorfulFighter\Projects\ColorfulFighter2\UI.cpp(440,23): warning C4244: '引数': 'const float' から 'int' への変換です。データが失われる可能性があります。
C:\Users\井上　恋\Documents\GitHub\Submit_ColorfulFighter\Projects\ColorfulFighter2\UI.cpp(440,16): warning C4244: '引数': 'float' から 'int' への変換です。データが失われる可能性があります。
C:\Users\井上　恋\Documents\GitHub\Submit_ColorfulFighter\Projects\ColorfulFighter2\UI.cpp(452,34): warning C4244: '引数': 'float' から 'int' への変換です。データが失われる可能性があります。
C:\Users\井上　恋\Documents\GitHub\Submit_ColorfulFighter\Projects\ColorfulFighter2\UI.cpp(452,17): warning C4244: '引数': 'float' から 'int' への変換です。データが失われる可能性があります。
C:\Users\井上　恋\Documents\GitHub\Submit_ColorfulFighter\Projects\ColorfulFighter2\UI.cpp(465,10): warning C4244: '引数': 'float' から 'int' への変換です。データが失われる可能性があります。
C:\Users\井上　恋\Documents\GitHub\Submit_ColorfulFighter\Projects\ColorfulFighter2\UI.cpp(470,31): warning C4244: '引数': 'float' から 'int' への変換です。データが失われる可能性があります。
C:\Users\井上　恋\Documents\GitHub\Submit_ColorfulFighter\Projects\ColorfulFighter2\UI.cpp(475,28): warning C4244: '引数': 'float' から 'int' への変換です。データが失われる可能性があります。
C:\Users\井上　恋\Documents\GitHub\Submit_ColorfulFighter\Projects\ColorfulFighter2\UI.cpp(480,49): warning C4244: '引数': 'float' から 'int' への変換です。データが失われる可能性があります。
C:\Users\井上　恋\Documents\GitHub\Submit_ColorfulFighter\Projects\ColorfulFighter2\UI.cpp(488,9): warning C4244: '引数': 'float' から 'int' への変換です。データが失われる可能性があります。
C:\Users\井上　恋\Documents\GitHub\Submit_ColorfulFighter\Projects\ColorfulFighter2\UI.cpp(493,26): warning C4244: '引数': 'float' から 'int' への変換です。データが失われる可能性があります。
C:\Users\井上　恋\Documents\GitHub\Submit_ColorfulFighter\Projects\ColorfulFighter2\UI.cpp(498,27): warning C4244: '引数': 'float' から 'int' への変換です。データが失われる可能性があります。
C:\Users\井上　恋\Documents\GitHub\Submit_ColorfulFighter\Projects\ColorfulFighter2\UI.cpp(503,44): warning C4244: '引数': 'float' から 'int' への変換です。データが失われる可能性があります。
  main.cpp
  コード生成しています。
  1 of 1370 functions (<0.1%) were compiled, the rest were copied from previous compilation.
    0 functions were new in current compilation
    11 functions had inline decision re-evaluated but remain unchanged
  コード生成が終了しました。
  ColorfulFighter2.vcxproj -> C:\Users\井上　恋\Documents\GitHub\Submit_ColorfulFighter\Projects\x64\Release\ColorfulFighter2.exe
